[1031/131145.947:ERROR:directory_reader_win.cc(43)] FindFirstFile: The system cannot find the path specified. (0x3)
[1031/131633.696:ERROR:directory_reader_win.cc(43)] FindFirstFile: The system cannot find the path specified. (0x3)
[1031/132157.578:ERROR:directory_reader_win.cc(43)] FindFirstFile: The system cannot find the path specified. (0x3)
[1031/132244.649:ERROR:directory_reader_win.cc(43)] FindFirstFile: The system cannot find the path specified. (0x3)
[1031/132903.544:ERROR:directory_reader_win.cc(43)] FindFirstFile: The system cannot find the path specified. (0x3)
[1031/133128.952:ERROR:directory_reader_win.cc(43)] FindFirstFile: The system cannot find the path specified. (0x3)
[1102/171341.743:ERROR:process_reader_win.cc(123)] NtOpenThread: {Access Denied} A process has requested access to an object, but has not been granted those access rights. (0xc0000022)
[1102/171341.746:ERROR:exception_snapshot_win.cc(99)] thread ID 26036 not found in process
[1102/171346.857:ERROR:process_reader_win.cc(123)] NtOpenThread: {Access Denied} A process has requested access to an object, but has not been granted those access rights. (0xc0000022)
[1102/171346.858:ERROR:exception_snapshot_win.cc(99)] thread ID 26496 not found in process
[1102/171346.858:ERROR:scoped_process_suspend.cc(40)] NtResumeProcess: An attempt was made to access an exiting process. (0xc000010a)
[1102/171346.936:ERROR:process_reader_win.cc(123)] NtOpenThread: {Access Denied} A process has requested access to an object, but has not been granted those access rights. (0xc0000022)
[1102/171346.936:ERROR:exception_snapshot_win.cc(99)] thread ID 28660 not found in process
[1102/171356.904:ERROR:process_reader_win.cc(123)] NtOpenThread: {Access Denied} A process has requested access to an object, but has not been granted those access rights. (0xc0000022)
[1102/171356.906:ERROR:exception_snapshot_win.cc(99)] thread ID 21308 not found in process
[1102/171356.906:ERROR:scoped_process_suspend.cc(40)] NtResumeProcess: An attempt was made to access an exiting process. (0xc000010a)
[1102/171356.989:ERROR:process_reader_win.cc(123)] NtOpenThread: {Access Denied} A process has requested access to an object, but has not been granted those access rights. (0xc0000022)
[1102/171356.989:ERROR:exception_snapshot_win.cc(99)] thread ID 7180 not found in process
[1102/171401.953:ERROR:process_reader_win.cc(151)] SuspendThread: Access is denied. (0x5)
[1102/171401.953:ERROR:process_reader_win.cc(151)] SuspendThread: Access is denied. (0x5)
[1102/171401.953:ERROR:process_reader_win.cc(123)] NtOpenThread: {Access Denied} A process has requested access to an object, but has not been granted those access rights. (0xc0000022)
[1102/171401.954:ERROR:exception_snapshot_win.cc(99)] thread ID 15256 not found in process
[1102/171402.019:ERROR:process_reader_win.cc(151)] SuspendThread: Access is denied. (0x5)
[1102/171402.019:ERROR:process_reader_win.cc(151)] SuspendThread: Access is denied. (0x5)
[1102/171402.019:ERROR:process_reader_win.cc(151)] SuspendThread: Access is denied. (0x5)
[1102/171402.019:ERROR:process_reader_win.cc(151)] SuspendThread: Access is denied. (0x5)
[1102/171402.020:ERROR:process_reader_win.cc(151)] SuspendThread: Access is denied. (0x5)
[1102/171402.020:ERROR:process_reader_win.cc(123)] NtOpenThread: {Access Denied} A process has requested access to an object, but has not been granted those access rights. (0xc0000022)
[1102/171402.020:ERROR:exception_snapshot_win.cc(99)] thread ID 2644 not found in process
